Build started 6/12/2014 9:34:48 PM.
     1>Project "C:\SmokeEngine\Android1\Android1.vcxproj" on node 3 (rebuild target(s)).
     1>_PrepareForClean:
         Deleting file "Tegra-Android\Debug\Android1.lastbuildstate".
       AntClean:
         Performing clean...
         C:\NVPACK\apache-ant-1.8.2\bin\ant.bat clean -f C:\SmokeEngine\Android1\Tegra-Android\Debug\nsight_tegra_build.xml 
         Picked up _JAVA_OPTIONS: -Xms256m -Xmx512m
         Deleting file "C:\SmokeEngine\Tegra-Android\Debug\\Android1.apk".
       InitializeBuildStatus:
         Creating "Tegra-Android\Debug\Android1.unsuccessfulbuild" because "AlwaysCreate" was specified.
       ClCompile:
         C:\NVPACK\android-ndk-r9b\toolchains\arm-linux-androideabi-4.8\prebuilt\windows\bin\arm-linux-androideabi-g++.exe 
         main.c
         android_native_app_glue.c
       Link:
         C:\NVPACK\android-ndk-r9b\toolchains\arm-linux-androideabi-4.8\prebuilt\windows\bin\arm-linux-androideabi-g++.exe Tegra-Android/Debug/main.o Tegra-Android/Debug/android_native_app_glue.o  -oC:/SmokeEngine/Tegra-Android/Debug/libAndroid1.so -lc -lm -llog -lgcc -landroid -lEGL -lGLESv1_CM -Wl,-soname,libAndroid1.so -Wl,--no-undefined -fuse-ld=bfd -L"C:/NVPACK/android-ndk-r9b/platforms/android-15/arch-arm/usr/lib" -L"C:/NVPACK/android-ndk-r9b/sources/cxx-stl/gnu-libstdc++/4.8/libs/armeabi-v7a" -L"C:/NVPACK/android-ndk-r9b/toolchains/arm-linux-androideabi-4.8/prebuilt/windows/lib/gcc/arm-linux-androideabi/4.8/armv7-a" -L"C:/NVPACK/android-ndk-r9b/toolchains/arm-linux-androideabi-4.8/prebuilt/windows/lib/gcc/arm-linux-androideabi/4.8/armv7-a" -shared -Wl,-z,noexecstack -Wl,-z,relro -Wl,-z,now -Wl,-rpath-link=C:/NVPACK/android-ndk-r9b/platforms/android-15/arch-arm/usr/lib --sysroot=C:/NVPACK/android-ndk-r9b/platforms/android-15/arch-arm "-lsupc++" "-lgnustl_static" "-lgcc" 
         Android1.vcxproj -> C:\SmokeEngine\Tegra-Android\Debug\libAndroid1.so
       StripLibrary:
         C:\NVPACK\android-ndk-r9b\toolchains\arm-linux-androideabi-4.8\prebuilt\windows\bin\arm-linux-androideabi-strip.exe --strip-unneeded -o"C:\SmokeEngine\Tegra-Android\Debug\stripped_libAndroid1.so" "C:\SmokeEngine\Tegra-Android\Debug\libAndroid1.so"
         Stripping C:\SmokeEngine\Tegra-Android\Debug\libAndroid1.so to C:\SmokeEngine\Tegra-Android\Debug\stripped_libAndroid1.so
       AntBuild:
         C:\NVPACK\apache-ant-1.8.2\bin\ant.bat debug -f C:\SmokeEngine\Android1\Tegra-Android\Debug\nsight_tegra_build.xml  
         Copying C:\SmokeEngine\Tegra-Android\Debug\libAndroid1.so to C:\SmokeEngine\Android1\Tegra-Android\Debug\libs\armeabi-v7a\libAndroid1.so
         Building using the JDK located here: 'C:\NVPACK\jdk1.6.0_45 (Native32Bit)'...
         Building using _JAVA_OPTIONS: '-Xmx512m'...
         Building using ANT_OPTS: '-Dtarget=android-15 -Xmx512m'...
         Executing "C:\NVPACK\apache-ant-1.8.2\bin\ant.bat debug -f C:\SmokeEngine\Android1\Tegra-Android\Debug\nsight_tegra_build.xml "
         Buildfile: C:\SmokeEngine\Android1\Tegra-Android\Debug\nsight_tegra_build.xml
         Duplicated project name in import. Project Android1 defined first in C:\SmokeEngine\Android1\Tegra-Android\Debug\nsight_tegra_build.xml and again in C:\SmokeEngine\Android1\build.xml
         
         -set-mode-check:
         
         -set-debug-files:
         
         -check-env:
          [checkenv] Android SDK Tools Revision 22.3.0
          [checkenv] Installed at C:\NVPACK\android-sdk-windows
         
         -setup:
              [echo] Project Name: Android1
           [gettype] Project Type: Application
         
         -set-debug-mode:
         
         -debug-obfuscation-check:
         
         -pre-build:
         
         -build-setup:
         [getbuildtools] Using latest Build Tools: 18.0.1
              [echo] Resolving Build Target for Android1...
         [gettarget] Project Target:   Android 4.0.3
         [gettarget] API level:        15
              [echo] ----------
              [echo] Creating output directories if needed...
             [mkdir] Created dir: C:\SmokeEngine\Android1\Tegra-Android\Debug\bin
             [mkdir] Created dir: C:\SmokeEngine\Android1\Tegra-Android\Debug\bin\res
             [mkdir] Created dir: C:\SmokeEngine\Android1\Tegra-Android\Debug\bin\rsObj
             [mkdir] Created dir: C:\SmokeEngine\Android1\Tegra-Android\Debug\bin\rsLibs
              [echo] ----------
              [echo] Resolving Dependencies for Android1...
         [dependency] Library dependencies:
         [dependency] No Libraries
         [dependency] 
         [dependency] ------------------
         [dependency] API<=15: Adding annotations.jar to the classpath.
         [dependency] WARNING: unable to write jarlist cache file C:\SmokeEngine\Android1\C:\SmokeEngine\Android1\Tegra-Android\Debug\bin\jarlist.cache
              [echo] ----------
              [echo] Building Libraries with 'debug'...
            [subant] No sub-builds to iterate on
         
         -code-gen:
         [mergemanifest] Merging AndroidManifest files into one.
         [mergemanifest] Manifest merger disabled. Using project manifest only.
              [echo] hasCode = false. Skipping aidl/renderscript/R.java
         
         -pre-compile:
         
         -compile:
              [echo] hasCode = false. Skipping...
         
         -post-compile:
         
         -obfuscate:
         
         -dex:
              [echo] hasCode = false. Skipping...
         
         -crunch:
            [crunch] Crunching PNG Files in source dir: C:\SmokeEngine\Android1\res
            [crunch] To destination dir: C:\SmokeEngine\Android1\Tegra-Android\Debug\bin\res
            [crunch] Crunched 0 PNG files to update cache
         
         -package-resources:
              [aapt] Creating full resource package...
         
         -package:
         [apkbuilder] Current build type is different than previous build: forced apkbuilder run.
         [apkbuilder] Creating Android1-debug-unaligned.apk and signing it with a debug key...
         
         -post-package:
         
         -do-debug:
          [zipalign] Running zip align on final apk...
              [echo] Debug Package: C:\SmokeEngine\Android1\Tegra-Android\Debug\bin\Android1-debug.apk
         [propertyfile] Creating new property file: C:\SmokeEngine\Android1\Tegra-Android\Debug\bin\build.prop
         [propertyfile] Updating property file: C:\SmokeEngine\Android1\Tegra-Android\Debug\bin\build.prop
         [propertyfile] Updating property file: C:\SmokeEngine\Android1\Tegra-Android\Debug\bin\build.prop
         [propertyfile] Updating property file: C:\SmokeEngine\Android1\Tegra-Android\Debug\bin\build.prop
         
         -post-build:
         
         debug:
         
         BUILD SUCCESSFUL
         Total time: 2 seconds
         Picked up _JAVA_OPTIONS: -Xms256m -Xmx512m
         Copying file from "C:\SmokeEngine\Android1\Tegra-Android\Debug\bin\Android1-debug.apk" to "C:\SmokeEngine\Tegra-Android\Debug\\Android1.apk".
       DeployAfterBuild:
         None
       FinalizeBuildStatus:
         Deleting file "Tegra-Android\Debug\Android1.unsuccessfulbuild".
         Touching "Tegra-Android\Debug\Android1.lastbuildstate".
     1>Done Building Project "C:\SmokeEngine\Android1\Android1.vcxproj" (rebuild target(s)).

Build succeeded.

Time Elapsed 00:00:05.11
