C:\SMOKEENGINE\ANDROID1\TEGRA-ANDROID\DEBUG\ANDROID_NATIVE_APP_GLUE.O
C:\SmokeEngine\Android1\Tegra-Android\Debug\Android1.write.1.tlog
C:\SmokeEngine\Android1\Tegra-Android\Debug\ant.command.1.tlog
C:\SmokeEngine\Android1\Tegra-Android\Debug\arm-linux-androideabi-g++.compile.command.1.tlog
C:\SmokeEngine\Android1\Tegra-Android\Debug\arm-linux-androideabi-g++.compile.read.1.tlog
C:\SmokeEngine\Android1\Tegra-Android\Debug\arm-linux-androideabi-g++.compile.write.1.tlog
C:\SmokeEngine\Android1\Tegra-Android\Debug\arm-linux-androideabi-g++.read.1.tlog
C:\SmokeEngine\Android1\Tegra-Android\Debug\arm-linux-androideabi-g++.write.1.tlog
C:\SmokeEngine\Android1\Tegra-Android\Debug\arm-linux-androideabi-g++-collect2.read.1.tlog
C:\SmokeEngine\Android1\Tegra-Android\Debug\arm-linux-androideabi-g++-collect2.write.1.tlog
C:\SmokeEngine\Android1\Tegra-Android\Debug\arm-linux-androideabi-g++-collect2-ld.bfd.read.1.tlog
C:\SmokeEngine\Android1\Tegra-Android\Debug\arm-linux-androideabi-g++-collect2-ld.bfd.write.1.tlog
C:\SmokeEngine\Android1\Tegra-Android\Debug\arm-linux-androideabi-g++-link.command.1.tlog
C:\SMOKEENGINE\ANDROID1\TEGRA-ANDROID\DEBUG\BIN\ANDROID1.AP_
C:\SMOKEENGINE\ANDROID1\TEGRA-ANDROID\DEBUG\BIN\ANDROID1.AP_.D
C:\SMOKEENGINE\ANDROID1\TEGRA-ANDROID\DEBUG\BIN\ANDROID1-DEBUG.APK
C:\SmokeEngine\Android1\Tegra-Android\Debug\cmd.read.1.tlog
C:\SmokeEngine\Android1\Tegra-Android\Debug\cmd-java-aapt.5732.read.1.tlog
C:\SmokeEngine\Android1\Tegra-Android\Debug\cmd-java-aapt.5732.write.1.tlog
C:\SmokeEngine\Android1\Tegra-Android\Debug\cmd-java-aapt.7136.read.1.tlog
C:\SmokeEngine\Android1\Tegra-Android\Debug\cmd-java-aapt.7136.write.1.tlog
C:\SmokeEngine\Android1\Tegra-Android\Debug\cmd-java-aapt.7376.read.1.tlog
C:\SmokeEngine\Android1\Tegra-Android\Debug\cmd-java-aapt.7376.write.1.tlog
C:\SmokeEngine\Android1\Tegra-Android\Debug\cmd-java-aapt.8808.read.1.tlog
C:\SmokeEngine\Android1\Tegra-Android\Debug\cmd-java-aapt.8808.write.1.tlog
C:\SmokeEngine\Android1\Tegra-Android\Debug\cmd-java-aapt.read.1.tlog
C:\SmokeEngine\Android1\Tegra-Android\Debug\cmd-java-zipalign.read.1.tlog
C:\SmokeEngine\Android1\Tegra-Android\Debug\cmd-java-zipalign.write.1.tlog
C:\SMOKEENGINE\ANDROID1\TEGRA-ANDROID\DEBUG\LIBS\ARMEABI-V7A\GDB.SETUP
C:\SMOKEENGINE\ANDROID1\TEGRA-ANDROID\DEBUG\LIBS\ARMEABI-V7A\GDBSERVER
C:\SMOKEENGINE\ANDROID1\TEGRA-ANDROID\DEBUG\LIBS\ARMEABI-V7A\LIBANDROID1.SO
C:\SmokeEngine\Android1\Tegra-Android\Debug\nsight_tegra_build.xml
C:\SmokeEngine\Android1\Tegra-Android\Debug\nsight_tegra_manifest.xml
C:\SMOKEENGINE\TEGRA-ANDROID\DEBUG\LIBANDROID1.SO
