C:\SmokeEngine\SmokeEngine\Tegra-Android\Debug\arm-linux-androideabi-ar.command.1.tlog
C:\SmokeEngine\SmokeEngine\Tegra-Android\Debug\arm-linux-androideabi-ar.read.1.tlog
C:\SmokeEngine\SmokeEngine\Tegra-Android\Debug\arm-linux-androideabi-ar.write.1.tlog
C:\SmokeEngine\SmokeEngine\Tegra-Android\Debug\arm-linux-androideabi-g++.compile.command.1.tlog
C:\SmokeEngine\SmokeEngine\Tegra-Android\Debug\arm-linux-androideabi-g++.compile.read.1.tlog
C:\SmokeEngine\SmokeEngine\Tegra-Android\Debug\arm-linux-androideabi-g++.compile.write.1.tlog
C:\SMOKEENGINE\SMOKEENGINE\TEGRA-ANDROID\DEBUG\BOUNDEDBOX.O
C:\SMOKEENGINE\SMOKEENGINE\TEGRA-ANDROID\DEBUG\CAMERA.O
C:\SMOKEENGINE\SMOKEENGINE\TEGRA-ANDROID\DEBUG\LODEPNG.O
C:\SMOKEENGINE\SMOKEENGINE\TEGRA-ANDROID\DEBUG\MATRIX4X4.O
C:\SMOKEENGINE\SMOKEENGINE\TEGRA-ANDROID\DEBUG\MATRIXSTACK.O
C:\SMOKEENGINE\SMOKEENGINE\TEGRA-ANDROID\DEBUG\MODEL.O
C:\SMOKEENGINE\SMOKEENGINE\TEGRA-ANDROID\DEBUG\NODE.O
C:\SMOKEENGINE\SMOKEENGINE\TEGRA-ANDROID\DEBUG\OBJECTNODE.O
C:\SMOKEENGINE\SMOKEENGINE\TEGRA-ANDROID\DEBUG\QUATERNION.O
C:\SMOKEENGINE\SMOKEENGINE\TEGRA-ANDROID\DEBUG\RENDERER.O
C:\SMOKEENGINE\SMOKEENGINE\TEGRA-ANDROID\DEBUG\RENDEROBJECT.O
C:\SMOKEENGINE\SMOKEENGINE\TEGRA-ANDROID\DEBUG\S_DEBUG.O
C:\SMOKEENGINE\SMOKEENGINE\TEGRA-ANDROID\DEBUG\S_RECTANGLE.O
C:\SMOKEENGINE\SMOKEENGINE\TEGRA-ANDROID\DEBUG\SCENEMANAGER.O
C:\SMOKEENGINE\SMOKEENGINE\TEGRA-ANDROID\DEBUG\SCENENODE.O
C:\SMOKEENGINE\SMOKEENGINE\TEGRA-ANDROID\DEBUG\SHADER.O
C:\SMOKEENGINE\SMOKEENGINE\TEGRA-ANDROID\DEBUG\SHADERSOURCESTORAGE.O
C:\SMOKEENGINE\SMOKEENGINE\TEGRA-ANDROID\DEBUG\SMOKEENGINE.O
C:\SmokeEngine\SmokeEngine\Tegra-Android\Debug\SmokeEngine.vcxprojResolveAssemblyReference.cache
C:\SmokeEngine\SmokeEngine\Tegra-Android\Debug\SmokeEngine.write.1.tlog
C:\SMOKEENGINE\SMOKEENGINE\TEGRA-ANDROID\DEBUG\SOURCE.O
C:\SMOKEENGINE\SMOKEENGINE\TEGRA-ANDROID\DEBUG\SPRITE.O
C:\SMOKEENGINE\SMOKEENGINE\TEGRA-ANDROID\DEBUG\TEXTURE.O
C:\SMOKEENGINE\SMOKEENGINE\TEGRA-ANDROID\DEBUG\TEXTURESTORAGE.O
C:\SMOKEENGINE\SMOKEENGINE\TEGRA-ANDROID\DEBUG\VECTOR2.O
C:\SMOKEENGINE\SMOKEENGINE\TEGRA-ANDROID\DEBUG\VECTOR3.O
C:\SMOKEENGINE\SMOKEENGINE\TEGRA-ANDROID\DEBUG\VECTOR4.O
C:\SMOKEENGINE\SMOKEENGINE\TEGRA-ANDROID\DEBUG\VERTEXARRAYOBJECT.O
C:\SMOKEENGINE\SMOKEENGINE\TEGRA-ANDROID\DEBUG\VERTEXBUFFEROBJECTWITHSUBDATA.O
C:\SMOKEENGINE\SMOKEENGINE\TEGRA-ANDROID\DEBUG\VERTEXBUFFERSTORAGE.O
C:\SMOKEENGINE\SMOKEENGINE\TEGRA-ANDROID\DEBUG\VERTEXOBJECT.O
C:\SMOKEENGINE\SMOKEENGINE\TEGRA-ANDROID\DEBUG\VIEWSTORAGE.O
C:\SMOKEENGINE\SMOKEENGINE\TEGRA-ANDROID\DEBUG\WAVEFRONTLOAD.O
C:\SMOKEENGINE\TEGRA-ANDROID\DEBUG\LIBSMOKEENGINE.A
